#
# A fatal error has been detected by the Java Runtime Environment:
#
#  EXCEPTION_ACCESS_VIOLATION (0xc0000005) at pc=0x00000000629172f5, pid=4640, tid=5856
#
# JRE version: Java(TM) SE Runtime Environment (8.0_05-b13) (build 1.8.0_05-b13)
# Java VM: Java HotSpot(TM) 64-Bit Server VM (25.5-b02 mixed mode windows-amd64 compressed oops)
# Problematic frame:
# V  [jvm.dll+0x1172f5]
#
# Failed to write core dump. Minidumps are not enabled by default on client versions of Windows
#
# If you would like to submit a bug report, please visit:
#   http://bugreport.sun.com/bugreport/crash.jsp
#

---------------  T H R E A D  ---------------

Current thread (0x000000001b3e4000):  JavaThread "JDWP Transport Listener: dt_socket" daemon [_thread_in_vm, id=5856, stack(0x000000001bc90000,0x000000001bd90000)]

siginfo: ExceptionCode=0xc0000005, reading address 0xffffffffffffffff

Registers:
RAX=0x000000001bd8f701, RBX=0x000000001b3e4000, RCX=0x003b3e3b003b3e3b, RDX=0x0000000000000000
RSP=0x000000001bd8f6c0, RBP=0x003b3e3b003b3e3b, RSI=0x000000001bd8f7d8, RDI=0x0000000002019dc0
R8 =0x000000001b3e4000, R9 =0x0000000000008000, R10=0x0000000000000000, R11=0x00000000193fbde2
R12=0x0000000000000000, R13=0x000000001b3e13e8, R14=0x0000000000000000, R15=0x0000000000000000
RIP=0x00000000629172f5, EFLAGS=0x0000000000010202

Top of Stack: (sp=0x000000001bd8f6c0)
0x000000001bd8f6c0:   000000001b3e4000 000000001b3e4000
0x000000001bd8f6d0:   000000001bd8f788 0000000062b0a04b
0x000000001bd8f6e0:   000000001b3e4000 0000000062b268ad
0x000000001bd8f6f0:   0000000000000000 0000000063189149
0x000000001bd8f700:   000000001b403588 0000000063192912
0x000000001bd8f710:   000000001b3e4000 0000000000000000
0x000000001bd8f720:   0000000000000000 0000000000000000
0x000000001bd8f730:   003b3e3b003b3e3b 0000000063191a09
0x000000001bd8f740:   000000001bd8f7d8 000000001bd8f7b0
0x000000001bd8f750:   0000000000000001 000000001b403588
0x000000001bd8f760:   003b3e3b003b3e3b 00000000631753b3
0x000000001bd8f770:   000000001bd8f8a0 0000000000000001
0x000000001bd8f780:   0000000000000001 000000001b403588
0x000000001bd8f790:   0000000000000008 0000000000000000
0x000000001bd8f7a0:   0000000000000000 0000000000000000
0x000000001bd8f7b0:   0000000000000001 0000000063175571 

Instructions: (pc=0x00000000629172f5)
0x00000000629172d5:   cc cc cc cc cc cc cc cc cc cc cc 48 83 ec 28 48
0x00000000629172e5:   85 c9 75 07 33 c0 48 83 c4 28 c3 48 89 5c 24 20
0x00000000629172f5:   48 8b 19 48 85 db 74 20 48 83 fb 37 74 1a 48 8b
0x0000000062917305:   13 48 8b cb ff 52 08 84 c0 74 0d 48 8b c3 48 8b 


Register to memory mapping:

RAX=0x000000001bd8f701 is pointing into the stack for thread: 0x000000001b3e4000
RBX=0x000000001b3e4000 is a thread
RCX=0x003b3e3b003b3e3b is an unknown value
RDX=0x0000000000000000 is an unknown value
RSP=0x000000001bd8f6c0 is pointing into the stack for thread: 0x000000001b3e4000
RBP=0x003b3e3b003b3e3b is an unknown value
RSI=0x000000001bd8f7d8 is pointing into the stack for thread: 0x000000001b3e4000
RDI=0x0000000002019dc0 is an unknown value
R8 =0x000000001b3e4000 is a thread
R9 =0x0000000000008000 is an unknown value
R10=0x0000000000000000 is an unknown value
R11=0x00000000193fbde2 is an unknown value
R12=0x0000000000000000 is an unknown value
R13=0x000000001b3e13e8 is an unknown value
R14=0x0000000000000000 is an unknown value
R15=0x0000000000000000 is an unknown value


Stack: [0x000000001bc90000,0x000000001bd90000],  sp=0x000000001bd8f6c0,  free space=1021k
Native frames: (J=compiled Java code, j=interpreted, Vv=VM code, C=native code)
V  [jvm.dll+0x1172f5]
V  [jvm.dll+0x3268ad]
C  [jdwp.dll+0x21a09]
C  [jdwp.dll+0x53b3]
C  [jdwp.dll+0x5571]
C  [jdwp.dll+0xf09c]
C  [jdwp.dll+0x1f2c9]
C  [jdwp.dll+0x1f49e]
V  [jvm.dll+0x1a7128]
V  [jvm.dll+0x2232c4]
V  [jvm.dll+0x27baca]
C  [msvcr100.dll+0x21d9f]
C  [msvcr100.dll+0x21e3b]
C  [KERNEL32.DLL+0x16ad]
C  [ntdll.dll+0x74629]


---------------  P R O C E S S  ---------------

Java Threads: ( => current thread )
  0x000000001b48b800 JavaThread "Service Thread" daemon [_thread_blocked, id=3592, stack(0x000000001c390000,0x000000001c490000)]
  0x000000001b40b000 JavaThread "C1 CompilerThread3" daemon [_thread_blocked, id=5096, stack(0x000000001c290000,0x000000001c390000)]
  0x000000001b40a800 JavaThread "C2 CompilerThread2" daemon [_thread_blocked, id=8724, stack(0x000000001c190000,0x000000001c290000)]
  0x000000001b408800 JavaThread "C2 CompilerThread1" daemon [_thread_blocked, id=10124, stack(0x000000001c090000,0x000000001c190000)]
  0x000000001b400000 JavaThread "C2 CompilerThread0" daemon [_thread_blocked, id=9076, stack(0x000000001bf90000,0x000000001c090000)]
  0x000000001b3f2800 JavaThread "JDWP Command Reader" daemon [_thread_in_native, id=9980, stack(0x000000001be90000,0x000000001bf90000)]
  0x000000001b3ee800 JavaThread "JDWP Event Helper Thread" daemon [_thread_blocked, id=3216, stack(0x000000001bd90000,0x000000001be90000)]
=>0x000000001b3e4000 JavaThread "JDWP Transport Listener: dt_socket" daemon [_thread_in_vm, id=5856, stack(0x000000001bc90000,0x000000001bd90000)]
  0x000000001b3da800 JavaThread "Attach Listener" daemon [_thread_blocked, id=9132, stack(0x000000001b8b0000,0x000000001b9b0000)]
  0x00000000193fe000 JavaThread "Signal Dispatcher" daemon [_thread_blocked, id=908, stack(0x000000001b7b0000,0x000000001b8b0000)]
  0x0000000001dc6800 JavaThread "Finalizer" daemon [_thread_blocked, id=3448, stack(0x000000001b2b0000,0x000000001b3b0000)]
  0x00000000193ec800 JavaThread "Reference Handler" daemon [_thread_blocked, id=5692, stack(0x000000001b1b0000,0x000000001b2b0000)]
  0x000000000201e800 JavaThread "main" [_thread_blocked, id=9584, stack(0x0000000000480000,0x0000000000580000)]

Other Threads:
  0x00000000193e8800 VMThread [stack: 0x000000001b0b0000,0x000000001b1b0000] [id=4056]
  0x000000001b490800 WatcherThread [stack: 0x000000001c490000,0x000000001c590000] [id=1812]

VM state:not at safepoint (normal execution)

VM Mutex/Monitor currently owned by a thread: None

Heap:
 PSYoungGen      total 29184K, used 19874K [0x0000000780980000, 0x0000000783200000, 0x00000007c0000000)
  eden space 28160K, 70% used [0x0000000780980000,0x0000000781cd8910,0x0000000782500000)
  from space 1024K, 6% used [0x0000000782500000,0x0000000782510000,0x0000000782600000)
  to   space 1024K, 0% used [0x0000000783100000,0x0000000783100000,0x0000000783200000)
 ParOldGen       total 195072K, used 913K [0x0000000701c00000, 0x000000070da80000, 0x0000000780980000)
  object space 195072K, 0% used [0x0000000701c00000,0x0000000701ce45e8,0x000000070da80000)
 Metaspace       used 3539K, capacity 4612K, committed 4864K, reserved 1056768K
  class space    used 402K, capacity 428K, committed 512K, reserved 1048576K

Card table byte_map: [0x00000000113e0000,0x00000000119e0000] byte_map_base: 0x000000000dbd2000

Marking Bits: (ParMarkBitMap*) 0x0000000062fb13b0
 Begin Bits: [0x00000000124e0000, 0x0000000015470000)
 End Bits:   [0x0000000015470000, 0x0000000018400000)

Polling page: 0x0000000000370000

CodeCache: size=245760Kb used=1558Kb max_used=1573Kb free=244201Kb
 bounds [0x0000000002020000, 0x0000000002290000, 0x0000000011020000]
 total_blobs=412 nmethods=172 adapters=162
 compilation: enabled

Compilation events (10 events):
Event: 0.573 Thread 0x000000001b40a800  169       4       java.lang.Integer::valueOf (32 bytes)
Event: 0.574 Thread 0x000000001b400000 nmethod 168 0x000000000218d190 code [0x000000000218d2e0, 0x000000000218d5d8]
Event: 0.574 Thread 0x000000001b400000  171       4       java.util.HashMap::<init> (11 bytes)
Event: 0.574 Thread 0x000000001b400000 nmethod 171 0x000000000218b7d0 code [0x000000000218b900, 0x000000000218b978]
Event: 0.574 Thread 0x000000001b400000  172       4       java.util.Arrays::sort (24 bytes)
Event: 0.575 Thread 0x000000001b400000 nmethod 172 0x0000000002193a50 code [0x0000000002193ba0, 0x0000000002193c48]
Event: 0.575 Thread 0x000000001b40b000  173       3       java.util.concurrent.ConcurrentHashMap$Node::<init> (26 bytes)
Event: 0.575 Thread 0x000000001b40a800 nmethod 169 0x0000000002193710 code [0x0000000002193860, 0x0000000002193968]
Event: 0.575 Thread 0x000000001b40b000 nmethod 173 0x0000000002193290 code [0x00000000021933e0, 0x00000000021935d0]
Event: 0.578 Thread 0x000000001b408800 nmethod 167 0x00000000021949d0 code [0x0000000002194b40, 0x0000000002195108]

GC Heap History (10 events):
Event: 0.462 GC heap before
{Heap before GC invocations=13 (full 0):
 PSYoungGen      total 11776K, used 10848K [0x0000000780980000, 0x0000000781600000, 0x00000007c0000000)
  eden space 10752K, 100% used [0x0000000780980000,0x0000000781400000,0x0000000781400000)
  from space 1024K, 9% used [0x0000000781500000,0x0000000781518000,0x0000000781600000)
  to   space 1024K, 0% used [0x0000000781400000,0x0000000781400000,0x0000000781500000)
 ParOldGen       total 195072K, used 849K [0x0000000701c00000, 0x000000070da80000, 0x0000000780980000)
  object space 195072K, 0% used [0x0000000701c00000,0x0000000701cd45e8,0x000000070da80000)
 Metaspace       used 3491K, capacity 4544K, committed 4864K, reserved 1056768K
  class space    used 399K, capacity 428K, committed 512K, reserved 1048576K
Event: 0.462 GC heap after
Heap after GC invocations=13 (full 0):
 PSYoungGen      total 11776K, used 64K [0x0000000780980000, 0x0000000781c80000, 0x00000007c0000000)
  eden space 10752K, 0% used [0x0000000780980000,0x0000000780980000,0x0000000781400000)
  from space 1024K, 6% used [0x0000000781400000,0x0000000781410000,0x0000000781500000)
  to   space 1024K, 0% used [0x0000000781b80000,0x0000000781b80000,0x0000000781c80000)
 ParOldGen       total 195072K, used 865K [0x0000000701c00000, 0x000000070da80000, 0x0000000780980000)
  object space 195072K, 0% used [0x0000000701c00000,0x0000000701cd85e8,0x000000070da80000)
 Metaspace       used 3491K, capacity 4544K, committed 4864K, reserved 1056768K
  class space    used 399K, capacity 428K, committed 512K, reserved 1048576K
}
Event: 0.473 GC heap before
{Heap before GC invocations=14 (full 0):
 PSYoungGen      total 11776K, used 10816K [0x0000000780980000, 0x0000000781c80000, 0x00000007c0000000)
  eden space 10752K, 100% used [0x0000000780980000,0x0000000781400000,0x0000000781400000)
  from space 1024K, 6% used [0x0000000781400000,0x0000000781410000,0x0000000781500000)
  to   space 1024K, 0% used [0x0000000781b80000,0x0000000781b80000,0x0000000781c80000)
 ParOldGen       total 195072K, used 865K [0x0000000701c00000, 0x000000070da80000, 0x0000000780980000)
  object space 195072K, 0% used [0x0000000701c00000,0x0000000701cd85e8,0x000000070da80000)
 Metaspace       used 3491K, capacity 4544K, committed 4864K, reserved 1056768K
  class space    used 399K, capacity 428K, committed 512K, reserved 1048576K
Event: 0.473 GC heap after
Heap after GC invocations=14 (full 0):
 PSYoungGen      total 18432K, used 96K [0x0000000780980000, 0x0000000781c80000, 0x00000007c0000000)
  eden space 17408K, 0% used [0x0000000780980000,0x0000000780980000,0x0000000781a80000)
  from space 1024K, 9% used [0x0000000781b80000,0x0000000781b98000,0x0000000781c80000)
  to   space 1024K, 0% used [0x0000000781a80000,0x0000000781a80000,0x0000000781b80000)
 ParOldGen       total 195072K, used 889K [0x0000000701c00000, 0x000000070da80000, 0x0000000780980000)
  object space 195072K, 0% used [0x0000000701c00000,0x0000000701cde5e8,0x000000070da80000)
 Metaspace       used 3491K, capacity 4544K, committed 4864K, reserved 1056768K
  class space    used 399K, capacity 428K, committed 512K, reserved 1048576K
}
Event: 0.496 GC heap before
{Heap before GC invocations=15 (full 0):
 PSYoungGen      total 18432K, used 17504K [0x0000000780980000, 0x0000000781c80000, 0x00000007c0000000)
  eden space 17408K, 100% used [0x0000000780980000,0x0000000781a80000,0x0000000781a80000)
  from space 1024K, 9% used [0x0000000781b80000,0x0000000781b98000,0x0000000781c80000)
  to   space 1024K, 0% used [0x0000000781a80000,0x0000000781a80000,0x0000000781b80000)
 ParOldGen       total 195072K, used 889K [0x0000000701c00000, 0x000000070da80000, 0x0000000780980000)
  object space 195072K, 0% used [0x0000000701c00000,0x0000000701cde5e8,0x000000070da80000)
 Metaspace       used 3491K, capacity 4544K, committed 4864K, reserved 1056768K
  class space    used 399K, capacity 428K, committed 512K, reserved 1048576K
Event: 0.497 GC heap after
Heap after GC invocations=15 (full 0):
 PSYoungGen      total 18432K, used 96K [0x0000000780980000, 0x0000000782700000, 0x00000007c0000000)
  eden space 17408K, 0% used [0x0000000780980000,0x0000000780980000,0x0000000781a80000)
  from space 1024K, 9% used [0x0000000781a80000,0x0000000781a98000,0x0000000781b80000)
  to   space 1024K, 0% used [0x0000000782600000,0x0000000782600000,0x0000000782700000)
 ParOldGen       total 195072K, used 897K [0x0000000701c00000, 0x000000070da80000, 0x0000000780980000)
  object space 195072K, 0% used [0x0000000701c00000,0x0000000701ce05e8,0x000000070da80000)
 Metaspace       used 3491K, capacity 4544K, committed 4864K, reserved 1056768K
  class space    used 399K, capacity 428K, committed 512K, reserved 1048576K
}
Event: 0.513 GC heap before
{Heap before GC invocations=16 (full 0):
 PSYoungGen      total 18432K, used 17504K [0x0000000780980000, 0x0000000782700000, 0x00000007c0000000)
  eden space 17408K, 100% used [0x0000000780980000,0x0000000781a80000,0x0000000781a80000)
  from space 1024K, 9% used [0x0000000781a80000,0x0000000781a98000,0x0000000781b80000)
  to   space 1024K, 0% used [0x0000000782600000,0x0000000782600000,0x0000000782700000)
 ParOldGen       total 195072K, used 897K [0x0000000701c00000, 0x000000070da80000, 0x0000000780980000)
  object space 195072K, 0% used [0x0000000701c00000,0x0000000701ce05e8,0x000000070da80000)
 Metaspace       used 3491K, capacity 4544K, committed 4864K, reserved 1056768K
  class space    used 399K, capacity 428K, committed 512K, reserved 1048576K
Event: 0.514 GC heap after
Heap after GC invocations=16 (full 0):
 PSYoungGen      total 29184K, used 64K [0x0000000780980000, 0x0000000782700000, 0x00000007c0000000)
  eden space 28160K, 0% used [0x0000000780980000,0x0000000780980000,0x0000000782500000)
  from space 1024K, 6% used [0x0000000782600000,0x0000000782610000,0x0000000782700000)
  to   space 1024K, 0% used [0x0000000782500000,0x0000000782500000,0x0000000782600000)
 ParOldGen       total 195072K, used 905K [0x0000000701c00000, 0x000000070da80000, 0x0000000780980000)
  object space 195072K, 0% used [0x0000000701c00000,0x0000000701ce25e8,0x000000070da80000)
 Metaspace       used 3491K, capacity 4544K, committed 4864K, reserved 1056768K
  class space    used 399K, capacity 428K, committed 512K, reserved 1048576K
}
Event: 0.548 GC heap before
{Heap before GC invocations=17 (full 0):
 PSYoungGen      total 29184K, used 28224K [0x0000000780980000, 0x0000000782700000, 0x00000007c0000000)
  eden space 28160K, 100% used [0x0000000780980000,0x0000000782500000,0x0000000782500000)
  from space 1024K, 6% used [0x0000000782600000,0x0000000782610000,0x0000000782700000)
  to   space 1024K, 0% used [0x0000000782500000,0x0000000782500000,0x0000000782600000)
 ParOldGen       total 195072K, used 905K [0x0000000701c00000, 0x000000070da80000, 0x0000000780980000)
  object space 195072K, 0% used [0x0000000701c00000,0x0000000701ce25e8,0x000000070da80000)
 Metaspace       used 3491K, capacity 4544K, committed 4864K, reserved 1056768K
  class space    used 399K, capacity 428K, committed 512K, reserved 1048576K
Event: 0.548 GC heap after
Heap after GC invocations=17 (full 0):
 PSYoungGen      total 29184K, used 64K [0x0000000780980000, 0x0000000783200000, 0x00000007c0000000)
  eden space 28160K, 0% used [0x0000000780980000,0x0000000780980000,0x0000000782500000)
  from space 1024K, 6% used [0x0000000782500000,0x0000000782510000,0x0000000782600000)
  to   space 1024K, 0% used [0x0000000783100000,0x0000000783100000,0x0000000783200000)
 ParOldGen       total 195072K, used 913K [0x0000000701c00000, 0x000000070da80000, 0x0000000780980000)
  object space 195072K, 0% used [0x0000000701c00000,0x0000000701ce45e8,0x000000070da80000)
 Metaspace       used 3491K, capacity 4544K, committed 4864K, reserved 1056768K
  class space    used 399K, capacity 428K, committed 512K, reserved 1048576K
}

Deoptimization events (10 events):
Event: 0.328 Thread 0x000000000201e800 Uncommon trap: reason=array_check action=maybe_recompile pc=0x00000000021802d0 method=java.util.ComparableTimSort.binarySort([Ljava/lang/Object;III)V @ 215
Event: 0.328 Thread 0x000000000201e800 Uncommon trap: reason=array_check action=maybe_recompile pc=0x00000000021802d0 method=java.util.ComparableTimSort.binarySort([Ljava/lang/Object;III)V @ 215
Event: 0.345 Thread 0x000000000201e800 Uncommon trap: reason=array_check action=maybe_recompile pc=0x0000000002182a64 method=java.util.ComparableTimSort.binarySort([Ljava/lang/Object;III)V @ 183
Event: 0.346 Thread 0x000000000201e800 Uncommon trap: reason=array_check action=maybe_recompile pc=0x0000000002182a64 method=java.util.ComparableTimSort.binarySort([Ljava/lang/Object;III)V @ 183
Event: 0.405 Thread 0x000000000201e800 Uncommon trap: reason=array_check action=maybe_recompile pc=0x0000000002181abc method=java.util.ComparableTimSort.reverseRange([Ljava/lang/Object;II)V @ 20
Event: 0.406 Thread 0x000000000201e800 Uncommon trap: reason=array_check action=maybe_recompile pc=0x0000000002181abc method=java.util.ComparableTimSort.reverseRange([Ljava/lang/Object;II)V @ 20
Event: 0.406 Thread 0x000000000201e800 Uncommon trap: reason=array_check action=maybe_recompile pc=0x0000000002181abc method=java.util.ComparableTimSort.reverseRange([Ljava/lang/Object;II)V @ 20
Event: 0.406 Thread 0x000000000201e800 Uncommon trap: reason=array_check action=maybe_recompile pc=0x0000000002181abc method=java.util.ComparableTimSort.reverseRange([Ljava/lang/Object;II)V @ 20
Event: 0.412 Thread 0x000000000201e800 Uncommon trap: reason=array_check action=maybe_recompile pc=0x0000000002185c98 method=java.util.ComparableTimSort.reverseRange([Ljava/lang/Object;II)V @ 27
Event: 0.412 Thread 0x000000000201e800 Uncommon trap: reason=array_check action=maybe_recompile pc=0x0000000002185c98 method=java.util.ComparableTimSort.reverseRange([Ljava/lang/Object;II)V @ 27

Internal exceptions (9 events):
Event: 0.031 Thread 0x000000000201e800 Exception <a 'java/lang/NoSuchMethodError': Method sun.misc.Unsafe.defineClass(Ljava/lang/String;[BII)Ljava/lang/Class; name or signature does not match> (0x0000000780994c90) thrown at [D:\re\workspace\8-2-build-windows-amd64-cygwin\jdk8u5\2488\hotspot\srcŸ¹ixŠŸ?
Event: 0.031 Thread 0x000000000201e800 Exception <a 'java/lang/NoSuchMethodError': Method sun.misc.Unsafe.prefetchRead(Ljava/lang/Object;J)V name or signature does not match> (0x0000000780994f20) thrown at [D:\re\workspace\8-2-build-windows-amd64-cygwin\jdk8u5\2488\hotspot\src\share\vm\prims\jn­¿¨P”Ë?
Event: 0.215 Thread 0x000000000201e800 Exception <a 'java/security/PrivilegedActionException'> (0x00000007809f34a0) thrown at [D:\re\workspace\8-2-build-windows-amd64-cygwin\jdk8u5\2488\hotspot\src\share\vm\prims\jvm.cpp, line 1248]
Event: 0.237 Thread 0x000000000201e800 Exception <a 'java/security/PrivilegedActionException'> (0x00000007809a5b08) thrown at [D:\re\workspace\8-2-build-windows-amd64-cygwin\jdk8u5\2488\hotspot\src\share\vm\prims\jvm.cpp, line 1248]
Event: 0.237 Thread 0x000000000201e800 Exception <a 'java/security/PrivilegedActionException'> (0x00000007809a5e50) thrown at [D:\re\workspace\8-2-build-windows-amd64-cygwin\jdk8u5\2488\hotspot\src\share\vm\prims\jvm.cpp, line 1248]
Event: 0.238 Thread 0x000000000201e800 Exception <a 'java/security/PrivilegedActionException'> (0x00000007809a9680) thrown at [D:\re\workspace\8-2-build-windows-amd64-cygwin\jdk8u5\2488\hotspot\src\share\vm\prims\jvm.cpp, line 1248]
Event: 0.238 Thread 0x000000000201e800 Exception <a 'java/security/PrivilegedActionException'> (0x00000007809a99c8) thrown at [D:\re\workspace\8-2-build-windows-amd64-cygwin\jdk8u5\2488\hotspot\src\share\vm\prims\jvm.cpp, line 1248]
Event: 0.260 Thread 0x000000000201e800 Exception <a 'java/security/PrivilegedActionException'> (0x00000007809f8ba0) thrown at [D:\re\workspace\8-2-build-windows-amd64-cygwin\jdk8u5\2488\hotspot\src\share\vm\prims\jvm.cpp, line 1248]
Event: 0.275 Thread 0x000000000201e800 Exception <a 'java/security/PrivilegedActionException'> (0x00000007809b7050) thrown at [D:\re\workspace\8-2-build-windows-amd64-cygwin\jdk8u5\2488\hotspot\src\share\vm\prims\jvm.cpp, line 1248]

Events (10 events):
Event: 312.329 Executing VM operation: GetCurrentLocation
Event: 312.329 Executing VM operation: GetCurrentLocation done
Event: 312.329 Executing VM operation: EnterInterpOnlyMode
Event: 312.329 Executing VM operation: EnterInterpOnlyMode done
Event: 312.329 Executing VM operation: ChangeSingleStep
Event: 312.329 Executing VM operation: ChangeSingleStep done
Event: 312.329 Executing VM operation: ChangeSingleStep
Event: 312.329 Executing VM operation: ChangeSingleStep done
Event: 312.332 Executing VM operation: RedefineClasses
Event: 312.333 Executing VM operation: RedefineClasses done


Dynamic libraries:
0x00007ff6585f0000 - 0x00007ff658624000 	C:\Program Files\Java\jre8\bin\javaw.exe
0x00007ffaa82a0000 - 0x00007ffaa844a000 	C:\Windows\SYSTEM32\ntdll.dll
0x00007ffaa7140000 - 0x00007ffaa727a000 	C:\Windows\system32\KERNEL32.DLL
0x00007ffaa5a10000 - 0x00007ffaa5b1f000 	C:\Windows\system32\KERNELBASE.dll
0x00007ffaa40a0000 - 0x00007ffaa4128000 	C:\Windows\system32\apphelp.dll
0x00007ffaa0e70000 - 0x00007ffaa0ebf000 	C:\Windows\AppPatch\AppPatch64\AcGenral.DLL
0x00007ffaa7780000 - 0x00007ffaa7827000 	C:\Windows\system32\msvcrt.dll
0x00007ffaa5450000 - 0x00007ffaa547b000 	C:\Windows\SYSTEM32\SspiCli.dll
0x00007ffaa7620000 - 0x00007ffaa7671000 	C:\Windows\system32\SHLWAPI.dll
0x00007ffaa7280000 - 0x00007ffaa73f1000 	C:\Windows\system32\USER32.dll
0x00007ffaa7a00000 - 0x00007ffaa7b78000 	C:\Windows\system32\ole32.dll
0x00007ffaa5d10000 - 0x00007ffaa7130000 	C:\Windows\system32\SHELL32.dll
0x00007ffaa4fa0000 - 0x00007ffaa4fbe000 	C:\Windows\SYSTEM32\USERENV.dll
0x00007ffaa5c60000 - 0x00007ffaa5d05000 	C:\Windows\system32\ADVAPI32.dll
0x00007ffaa2510000 - 0x00007ffaa252b000 	C:\Windows\SYSTEM32\MPR.dll
0x00007ffaa7b80000 - 0x00007ffaa7cb6000 	C:\Windows\system32\RPCRT4.dll
0x00007ffaa79a0000 - 0x00007ffaa79f7000 	C:\Windows\SYSTEM32\sechost.dll
0x00007ffaa7f40000 - 0x00007ffaa8116000 	C:\Windows\SYSTEM32\combase.dll
0x00007ffaa7850000 - 0x00007ffaa7995000 	C:\Windows\system32\GDI32.dll
0x00007ffaa5610000 - 0x00007ffaa5624000 	C:\Windows\SYSTEM32\profapi.dll
0x00007ffaa3ac0000 - 0x00007ffaa3b5f000 	C:\Windows\SYSTEM32\SHCORE.dll
0x00007ffaa7400000 - 0x00007ffaa7434000 	C:\Windows\system32\IMM32.DLL
0x00007ffaa5b20000 - 0x00007ffaa5c59000 	C:\Windows\system32\MSCTF.dll
0x00007ffaa2e60000 - 0x00007ffaa30ba000 	C:\Windows\WinSxS\amd64_microsoft.windows.common-controls_6595b64144ccf1df_6.0.9600.17031_none_6242a4b3ecbb55a1\COMCTL32.dll
0x0000000063030000 - 0x0000000063102000 	C:\Program Files\Java\jre8\bin\msvcr100.dll
0x0000000062800000 - 0x000000006302a000 	C:\Program Files\Java\jre8\bin\server\jvm.dll
0x00007ffaa14a0000 - 0x00007ffaa14a9000 	C:\Windows\SYSTEM32\WSOCK32.dll
0x00007ffa9d9d0000 - 0x00007ffa9d9ef000 	C:\Windows\SYSTEM32\WINMM.dll
0x00007ffaa7ed0000 - 0x00007ffaa7ed7000 	C:\Windows\system32\PSAPI.DLL
0x00007ffaa7ee0000 - 0x00007ffaa7f38000 	C:\Windows\system32\WS2_32.dll
0x00007ffa9d7f0000 - 0x00007ffa9d81a000 	C:\Windows\SYSTEM32\WINMMBASE.dll
0x00007ffaa81e0000 - 0x00007ffaa81e9000 	C:\Windows\system32\NSI.dll
0x00007ffaa59c0000 - 0x00007ffaa5a0a000 	C:\Windows\SYSTEM32\cfgmgr32.dll
0x00007ffaa4490000 - 0x00007ffaa44b6000 	C:\Windows\SYSTEM32\DEVOBJ.dll
0x0000000063690000 - 0x000000006369f000 	C:\Program Files\Java\jre8\bin\verify.dll
0x0000000063660000 - 0x0000000063688000 	C:\Program Files\Java\jre8\bin\java.dll
0x0000000063170000 - 0x00000000631a5000 	C:\Program Files\Java\jre8\bin\jdwp.dll
0x00000000635f0000 - 0x00000000635f8000 	C:\Program Files\Java\jre8\bin\npt.dll
0x0000000063640000 - 0x0000000063656000 	C:\Program Files\Java\jre8\bin\zip.dll
0x00000000635e0000 - 0x00000000635e9000 	C:\Program Files\Java\jre8\bin\dt_socket.dll
0x00007ffa96170000 - 0x00007ffa96184000 	C:\Windows\system32\napinsp.dll
0x00007ffa96190000 - 0x00007ffa961a9000 	C:\Windows\system32\pnrpnsp.dll
0x00007ffaa3450000 - 0x00007ffaa3469000 	C:\Windows\system32\NLAapi.dll
0x00007ffaa4fc0000 - 0x00007ffaa5018000 	C:\Windows\System32\mswsock.dll
0x00007ffaa4ca0000 - 0x00007ffaa4d43000 	C:\Windows\SYSTEM32\DNSAPI.dll
0x00007ffa961b0000 - 0x00007ffa961bc000 	C:\Windows\System32\winrnr.dll
0x00007ffa961c0000 - 0x00007ffa961d3000 	C:\Windows\system32\wshbth.dll
0x00007ffaa05a0000 - 0x00007ffaa0608000 	C:\Windows\System32\fwpuclnt.dll
0x00007ffa98290000 - 0x00007ffa98299000 	C:\Windows\System32\rasadhlp.dll
0x00007ffa9bee0000 - 0x00007ffa9c068000 	C:\Windows\SYSTEM32\dbghelp.dll

VM Arguments:
jvm_args: -agentlib:jdwp=transport=dt_socket,suspend=y,address=localhost:55169 -Dfile.encoding=UTF-8 
java_command: _3_FullHouse
java_class_path (initial): D:\Source\Source Code\Softuni\Java Basics\Loops Methods Classes\Loops Methods Classes\bin;D:\Source\Source Code\Softuni\Java Basics\Loops Methods Classes\Loops Methods Classes\lib\commons-codec-1.5.jar;D:\Source\Source Code\Softuni\Java Basics\Loops Methods Classes\Loops Methods Classes\lib\commons-logging-1.1.jar;D:\Source\Source Code\Softuni\Java Basics\Loops Methods Classes\Loops Methods Classes\lib\dom4j-1.6.1.jar;D:\Source\Source Code\Softuni\Java Basics\Loops Methods Classes\Loops Methods Classes\lib\junit-4.11.jar;D:\Source\Source Code\Softuni\Java Basics\Loops Methods Classes\Loops Methods Classes\lib\log4j-1.2.13.jar;D:\Source\Source Code\Softuni\Java Basics\Loops Methods Classes\Loops Methods Classes\lib\poi-3.10-FINAL-20140208.jar;D:\Source\Source Code\Softuni\Java Basics\Loops Methods Classes\Loops Methods Classes\lib\poi-examples-3.10-FINAL-20140208.jar;D:\Source\Source Code\Softuni\Java Basics\Loops Methods Classes\Loops Methods Classes\lib\poi-excelant-3.10-FINAL-20140208.jar;D:\Source\Source Code\Softuni\Java Basics\Loops Methods Classes\Loops Methods Classes\lib\poi-ooxml-3.10-FINAL-20140208.jar;D:\Source\Source Code\Softuni\Java Basics\Loops Methods Classes\Loops Methods Classes\lib\poi-ooxml-schemas-3.10-FINAL-20140208.jar;D:\Source\Source Code\Softuni\Java Basics\Loops Methods Classes\Loops Methods Classes\lib\poi-scratchpad-3.10-FINAL-20140208.jar;D:\Source\Source Code\Softuni\Java Basics\Loops Methods Classes\Loops Methods Classes\lib\stax-api-1.0.1.jar;D:\Source\Source Code\Softuni\Java Basics\Loops Methods Classes\Loops Methods Classes\lib\xmlbeans-2.3.0.jar
Launcher Type: SUN_STANDARD

Environment Variables:
PATH=C:\Program Files (x86)\Intel\iCLS Client\;C:\Program Files\Intel\iCLS Client\;C:\Program Files (x86)\NVIDIA Corporation\PhysX\Common;C:\Windows\system32;C:\Windows;C:\Windows\System32\Wbem;C:\Windows\System32\WindowsPowerShell\v1.0\;C:\Program Files\nodejs\;C:\Program Files (x86)\Windows Kits\8.1\Windows Performance Toolkit\;C:\Program Files\Microsoft SQL Server\110\Tools\Binn\;C:\Program Files\Microsoft\Web Platform Installer\;C:\Program Files\Microsoft SQL Server\120\Tools\Binn\;C:\Program Files (x86)\Microsoft SDKs\TypeScript\1.0\;C:\Program Files\Intel\Intel(R) Management Engine Components\DAL;C:\Program Files\Intel\Intel(R) Management Engine Components\IPT;C:\Program Files (x86)\Intel\Intel(R) Management Engine Components\DAL;C:\Program Files (x86)\Intel\Intel(R) Management Engine Components\IPT;C:\Users\Sobieski\AppData\Roaming\npm
USERNAME=Sobieski
OS=Windows_NT
PROCESSOR_IDENTIFIER=Intel64 Family 6 Model 60 Stepping 3, GenuineIntel



---------------  S Y S T E M  ---------------

OS: Windows 8.1 , 64 bit Build 9600 

CPU:total 8 (4 cores per cpu, 2 threads per core) family 6 model 60 stepping 3, cmov, cx8, fxsr, mmx, sse, sse2, sse3, ssse3, sse4.1, sse4.2, popcnt, avx, avx2, aes, clmul, erms, ht, tsc, tscinvbit

Memory: 4k page, physical 12463216k(2846220k free), swap 16372024k(4585744k free)

vm_info: Java HotSpot(TM) 64-Bit Server VM (25.5-b02) for windows-amd64 JRE (1.8.0_05-b13), built on Mar 18 2014 01:08:39 by "java_re" with MS VC++ 10.0 (VS2010)

time: Thu May 22 20:59:57 2014
elapsed time: 312 seconds

